{"level":"info","message":"Identity service running on port 3001","service":"identity-service","timestamp":"2025-10-10T09:29:00.832Z"}
{"level":"info","message":"Identity service running on port 3001","service":"identity-service","timestamp":"2025-10-10T09:29:00.831Z"}
{"level":"info","message":"Redis client connecting...","service":"identity-service","timestamp":"2025-10-10T09:29:00.848Z"}
{"level":"info","message":"Redis client connecting...","service":"identity-service","timestamp":"2025-10-10T09:29:00.850Z"}
{"level":"info","message":"Redis client ready","service":"identity-service","timestamp":"2025-10-10T09:29:00.891Z"}
{"level":"info","message":"Redis client ready","service":"identity-service","timestamp":"2025-10-10T09:29:00.891Z"}
{"level":"error","message":"Sequelize connection or sync error password authentication failed for user \"micro\"","name":"SequelizeConnectionError","original":{"code":"28P01","file":"auth.c","length":101,"line":"332","name":"error","routine":"auth_failed","severity":"FATAL"},"parent":{"code":"28P01","file":"auth.c","length":101,"line":"332","name":"error","routine":"auth_failed","severity":"FATAL"},"service":"identity-service","stack":"SequelizeConnectionError: password authentication failed for user \"micro\"\n    at Client._connectionCallback (C:\\Users\\Admin\\Desktop\\microservices\\microservices\\identity-service\\node_modules\\sequelize\\lib\\dialects\\postgres\\connection-manager.js:145:24)\n    at Client._handleErrorWhileConnecting (C:\\Users\\Admin\\Desktop\\microservices\\microservices\\identity-service\\node_modules\\pg\\lib\\client.js:336:19)\n    at Client._handleErrorMessage (C:\\Users\\Admin\\Desktop\\microservices\\microservices\\identity-service\\node_modules\\pg\\lib\\client.js:356:19)\n    at Connection.emit (node:events:518:28)\n    at C:\\Users\\Admin\\Desktop\\microservices\\microservices\\identity-service\\node_modules\\pg\\lib\\connection.js:116:12\n    at Parser.parse (C:\\Users\\Admin\\Desktop\\microservices\\microservices\\identity-service\\node_modules\\pg-protocol\\dist\\parser.js:36:17)\n    at Socket.<anonymous> (C:\\Users\\Admin\\Desktop\\microservices\\microservices\\identity-service\\node_modules\\pg-protocol\\dist\\index.js:11:42)\n    at Socket.emit (node:events:518:28)\n    at addChunk (node:internal/streams/readable:561:12)\n    at readableAddChunkPushByteMode (node:internal/streams/readable:512:3)","timestamp":"2025-10-10T09:29:00.923Z"}
{"level":"error","message":"Sequelize connection or sync error password authentication failed for user \"micro\"","name":"SequelizeConnectionError","original":{"code":"28P01","file":"auth.c","length":101,"line":"332","name":"error","routine":"auth_failed","severity":"FATAL"},"parent":{"code":"28P01","file":"auth.c","length":101,"line":"332","name":"error","routine":"auth_failed","severity":"FATAL"},"service":"identity-service","stack":"SequelizeConnectionError: password authentication failed for user \"micro\"\n    at Client._connectionCallback (C:\\Users\\Admin\\Desktop\\microservices\\microservices\\identity-service\\node_modules\\sequelize\\lib\\dialects\\postgres\\connection-manager.js:145:24)\n    at Client._handleErrorWhileConnecting (C:\\Users\\Admin\\Desktop\\microservices\\microservices\\identity-service\\node_modules\\pg\\lib\\client.js:336:19)\n    at Client._handleErrorMessage (C:\\Users\\Admin\\Desktop\\microservices\\microservices\\identity-service\\node_modules\\pg\\lib\\client.js:356:19)\n    at Connection.emit (node:events:518:28)\n    at C:\\Users\\Admin\\Desktop\\microservices\\microservices\\identity-service\\node_modules\\pg\\lib\\connection.js:116:12\n    at Parser.parse (C:\\Users\\Admin\\Desktop\\microservices\\microservices\\identity-service\\node_modules\\pg-protocol\\dist\\parser.js:36:17)\n    at Socket.<anonymous> (C:\\Users\\Admin\\Desktop\\microservices\\microservices\\identity-service\\node_modules\\pg-protocol\\dist\\index.js:11:42)\n    at Socket.emit (node:events:518:28)\n    at addChunk (node:internal/streams/readable:561:12)\n    at readableAddChunkPushByteMode (node:internal/streams/readable:512:3)","timestamp":"2025-10-10T09:29:00.923Z"}
{"level":"info","message":"Identity service running on port 3001","service":"identity-service","timestamp":"2025-10-10T09:31:24.238Z"}
{"level":"info","message":"Redis client connecting...","service":"identity-service","timestamp":"2025-10-10T09:31:24.248Z"}
{"level":"info","message":"Redis client ready","service":"identity-service","timestamp":"2025-10-10T09:31:24.256Z"}
{"level":"error","message":"Sequelize connection or sync error password authentication failed for user \"micro\"","name":"SequelizeConnectionError","original":{"code":"28P01","file":"auth.c","length":101,"line":"332","name":"error","routine":"auth_failed","severity":"FATAL"},"parent":{"code":"28P01","file":"auth.c","length":101,"line":"332","name":"error","routine":"auth_failed","severity":"FATAL"},"service":"identity-service","stack":"SequelizeConnectionError: password authentication failed for user \"micro\"\n    at Client._connectionCallback (C:\\Users\\Admin\\Desktop\\microservices\\microservices\\identity-service\\node_modules\\sequelize\\lib\\dialects\\postgres\\connection-manager.js:145:24)\n    at Client._handleErrorWhileConnecting (C:\\Users\\Admin\\Desktop\\microservices\\microservices\\identity-service\\node_modules\\pg\\lib\\client.js:336:19)\n    at Client._handleErrorMessage (C:\\Users\\Admin\\Desktop\\microservices\\microservices\\identity-service\\node_modules\\pg\\lib\\client.js:356:19)\n    at Connection.emit (node:events:518:28)\n    at C:\\Users\\Admin\\Desktop\\microservices\\microservices\\identity-service\\node_modules\\pg\\lib\\connection.js:116:12\n    at Parser.parse (C:\\Users\\Admin\\Desktop\\microservices\\microservices\\identity-service\\node_modules\\pg-protocol\\dist\\parser.js:36:17)\n    at Socket.<anonymous> (C:\\Users\\Admin\\Desktop\\microservices\\microservices\\identity-service\\node_modules\\pg-protocol\\dist\\index.js:11:42)\n    at Socket.emit (node:events:518:28)\n    at addChunk (node:internal/streams/readable:561:12)\n    at readableAddChunkPushByteMode (node:internal/streams/readable:512:3)","timestamp":"2025-10-10T09:31:24.409Z"}
{"level":"info","message":"Identity service running on port 3001","service":"identity-service","timestamp":"2025-10-10T09:34:16.122Z"}
{"level":"info","message":"Redis client connecting...","service":"identity-service","timestamp":"2025-10-10T09:34:16.133Z"}
{"level":"info","message":"Redis client ready","service":"identity-service","timestamp":"2025-10-10T09:34:16.141Z"}
{"level":"error","message":"Sequelize connection or sync error database \"api_service_db\" does not exist","name":"SequelizeConnectionError","original":{"code":"3D000","file":"postinit.c","length":100,"line":"1034","name":"error","routine":"InitPostgres","severity":"FATAL"},"parent":{"code":"3D000","file":"postinit.c","length":100,"line":"1034","name":"error","routine":"InitPostgres","severity":"FATAL"},"service":"identity-service","stack":"SequelizeConnectionError: database \"api_service_db\" does not exist\n    at Client._connectionCallback (C:\\Users\\Admin\\Desktop\\microservices\\microservices\\identity-service\\node_modules\\sequelize\\lib\\dialects\\postgres\\connection-manager.js:145:24)\n    at Client._handleErrorWhileConnecting (C:\\Users\\Admin\\Desktop\\microservices\\microservices\\identity-service\\node_modules\\pg\\lib\\client.js:336:19)\n    at Client._handleErrorMessage (C:\\Users\\Admin\\Desktop\\microservices\\microservices\\identity-service\\node_modules\\pg\\lib\\client.js:356:19)\n    at Connection.emit (node:events:518:28)\n    at C:\\Users\\Admin\\Desktop\\microservices\\microservices\\identity-service\\node_modules\\pg\\lib\\connection.js:116:12\n    at Parser.parse (C:\\Users\\Admin\\Desktop\\microservices\\microservices\\identity-service\\node_modules\\pg-protocol\\dist\\parser.js:36:17)\n    at Socket.<anonymous> (C:\\Users\\Admin\\Desktop\\microservices\\microservices\\identity-service\\node_modules\\pg-protocol\\dist\\index.js:11:42)\n    at Socket.emit (node:events:518:28)\n    at addChunk (node:internal/streams/readable:561:12)\n    at readableAddChunkPushByteMode (node:internal/streams/readable:512:3)","timestamp":"2025-10-10T09:34:16.303Z"}
{"level":"info","message":"Identity service running on port 3001","service":"identity-service","timestamp":"2025-10-10T09:41:10.488Z"}
{"level":"info","message":"Redis client connecting...","service":"identity-service","timestamp":"2025-10-10T09:41:10.501Z"}
{"level":"info","message":"Redis client ready","service":"identity-service","timestamp":"2025-10-10T09:41:10.508Z"}
{"level":"info","message":"Sequelize authenticated with Postgres","service":"identity-service","timestamp":"2025-10-10T09:41:10.740Z"}
{"level":"info","message":"Sequelize models synced (alter:true)","service":"identity-service","timestamp":"2025-10-10T09:41:10.818Z"}
{"level":"info","message":"Identity service running on port 3001","service":"identity-service","timestamp":"2025-10-10T09:46:14.943Z"}
{"level":"info","message":"Redis client connecting...","service":"identity-service","timestamp":"2025-10-10T09:46:14.954Z"}
{"level":"info","message":"Redis client ready","service":"identity-service","timestamp":"2025-10-10T09:46:14.959Z"}
{"level":"info","message":"Sequelize authenticated with Postgres","service":"identity-service","timestamp":"2025-10-10T09:46:15.093Z"}
{"level":"info","message":"Sequelize models synced (alter:true)","service":"identity-service","timestamp":"2025-10-10T09:46:15.199Z"}
{"level":"info","message":"Identity service running on port 3001","service":"identity-service","timestamp":"2025-10-10T09:53:23.472Z"}
{"level":"info","message":"Redis client connecting...","service":"identity-service","timestamp":"2025-10-10T09:53:23.485Z"}
{"level":"info","message":"Redis client ready","service":"identity-service","timestamp":"2025-10-10T09:53:23.515Z"}
{"level":"info","message":"Sequelize authenticated with Postgres","service":"identity-service","timestamp":"2025-10-10T09:53:23.659Z"}
{"level":"info","message":"Sequelize models synced (alter:true)","service":"identity-service","timestamp":"2025-10-10T09:53:23.830Z"}
{"level":"info","message":"Received POST request to /api/auth/register%0A","service":"identity-service","timestamp":"2025-10-10T09:53:29.957Z"}
{"level":"info","message":"Request body: {\"username\":\"testuser\",\"email\":\"testuser@example.com\",\"password\":\"mypassword123\"}","service":"identity-service","timestamp":"2025-10-10T09:53:29.958Z"}
{"level":"info","message":"Received POST request to /api/auth/register%0A","service":"identity-service","timestamp":"2025-10-10T10:01:40.142Z"}
{"level":"info","message":"Request body: {\"username\":\"testuser\",\"email\":\"testuser@example.com\",\"password\":\"mypassword123\"}","service":"identity-service","timestamp":"2025-10-10T10:01:40.145Z"}
{"level":"info","message":"Received POST request to /api/auth/register","service":"identity-service","timestamp":"2025-10-10T10:04:45.521Z"}
{"level":"info","message":"Request body: {\"username\":\"testuser\",\"email\":\"testuser@example.com\",\"password\":\"mypassword123\"}","service":"identity-service","timestamp":"2025-10-10T10:04:45.523Z"}
{"level":"info","message":"Registration endpoint hit...","service":"identity-service","timestamp":"2025-10-10T10:04:45.572Z"}
{"level":"error","message":"Registration error occurred Joioi is not defined","service":"identity-service","stack":"ReferenceError: Joioi is not defined\n    at validateRegistration (C:\\Users\\Admin\\Desktop\\microservices\\microservices\\identity-service\\src\\utils\\validation.js:5:20)\n    at registerUser (C:\\Users\\Admin\\Desktop\\microservices\\microservices\\identity-service\\src\\controllers\\identity-controller.js:13:27)\n    at Layer.handleRequest (C:\\Users\\Admin\\Desktop\\microservices\\microservices\\identity-service\\node_modules\\router\\lib\\layer.js:152:17)\n    at next (C:\\Users\\Admin\\Desktop\\microservices\\microservices\\identity-service\\node_modules\\router\\lib\\route.js:157:13)\n    at Route.dispatch (C:\\Users\\Admin\\Desktop\\microservices\\microservices\\identity-service\\node_modules\\router\\lib\\route.js:117:3)\n    at handle (C:\\Users\\Admin\\Desktop\\microservices\\microservices\\identity-service\\node_modules\\router\\index.js:435:11)\n    at Layer.handleRequest (C:\\Users\\Admin\\Desktop\\microservices\\microservices\\identity-service\\node_modules\\router\\lib\\layer.js:152:17)\n    at C:\\Users\\Admin\\Desktop\\microservices\\microservices\\identity-service\\node_modules\\router\\index.js:295:15\n    at processParams (C:\\Users\\Admin\\Desktop\\microservices\\microservices\\identity-service\\node_modules\\router\\index.js:582:12)\n    at next (C:\\Users\\Admin\\Desktop\\microservices\\microservices\\identity-service\\node_modules\\router\\index.js:291:5)","timestamp":"2025-10-10T10:04:45.584Z"}
{"level":"info","message":"Identity service running on port 3001","service":"identity-service","timestamp":"2025-10-10T10:05:24.197Z"}
{"level":"info","message":"Redis client connecting...","service":"identity-service","timestamp":"2025-10-10T10:05:24.216Z"}
{"level":"info","message":"Redis client ready","service":"identity-service","timestamp":"2025-10-10T10:05:24.225Z"}
{"level":"info","message":"Sequelize authenticated with Postgres","service":"identity-service","timestamp":"2025-10-10T10:05:24.354Z"}
{"level":"info","message":"Sequelize models synced (alter:true)","service":"identity-service","timestamp":"2025-10-10T10:05:24.537Z"}
{"level":"info","message":"Received POST request to /api/auth/register","service":"identity-service","timestamp":"2025-10-10T10:05:35.437Z"}
{"level":"info","message":"Request body: {\"username\":\"testuser\",\"email\":\"testuser@example.com\",\"password\":\"mypassword123\"}","service":"identity-service","timestamp":"2025-10-10T10:05:35.439Z"}
{"level":"info","message":"Registration endpoint hit...","service":"identity-service","timestamp":"2025-10-10T10:05:35.456Z"}
{"level":"error","message":"Registration error occurred Joioi is not defined","service":"identity-service","stack":"ReferenceError: Joioi is not defined\n    at validateRegistration (C:\\Users\\Admin\\Desktop\\microservices\\microservices\\identity-service\\src\\utils\\validation.js:5:20)\n    at registerUser (C:\\Users\\Admin\\Desktop\\microservices\\microservices\\identity-service\\src\\controllers\\identity-controller.js:13:27)\n    at Layer.handleRequest (C:\\Users\\Admin\\Desktop\\microservices\\microservices\\identity-service\\node_modules\\router\\lib\\layer.js:152:17)\n    at next (C:\\Users\\Admin\\Desktop\\microservices\\microservices\\identity-service\\node_modules\\router\\lib\\route.js:157:13)\n    at Route.dispatch (C:\\Users\\Admin\\Desktop\\microservices\\microservices\\identity-service\\node_modules\\router\\lib\\route.js:117:3)\n    at handle (C:\\Users\\Admin\\Desktop\\microservices\\microservices\\identity-service\\node_modules\\router\\index.js:435:11)\n    at Layer.handleRequest (C:\\Users\\Admin\\Desktop\\microservices\\microservices\\identity-service\\node_modules\\router\\lib\\layer.js:152:17)\n    at C:\\Users\\Admin\\Desktop\\microservices\\microservices\\identity-service\\node_modules\\router\\index.js:295:15\n    at processParams (C:\\Users\\Admin\\Desktop\\microservices\\microservices\\identity-service\\node_modules\\router\\index.js:582:12)\n    at next (C:\\Users\\Admin\\Desktop\\microservices\\microservices\\identity-service\\node_modules\\router\\index.js:291:5)","timestamp":"2025-10-10T10:05:35.457Z"}
{"level":"info","message":"Received POST request to /api/auth/register","service":"identity-service","timestamp":"2025-10-10T10:12:58.407Z"}
{"level":"info","message":"Request body: {\"username\":\"raja\",\"email\":\"raja@example.com\",\"password\":\"raja123\"}","service":"identity-service","timestamp":"2025-10-10T10:12:58.409Z"}
{"level":"info","message":"Registration endpoint hit...","service":"identity-service","timestamp":"2025-10-10T10:12:58.416Z"}
{"level":"error","message":"Registration error occurred Joioi is not defined","service":"identity-service","stack":"ReferenceError: Joioi is not defined\n    at validateRegistration (C:\\Users\\Admin\\Desktop\\microservices\\microservices\\identity-service\\src\\utils\\validation.js:5:20)\n    at registerUser (C:\\Users\\Admin\\Desktop\\microservices\\microservices\\identity-service\\src\\controllers\\identity-controller.js:13:27)\n    at Layer.handleRequest (C:\\Users\\Admin\\Desktop\\microservices\\microservices\\identity-service\\node_modules\\router\\lib\\layer.js:152:17)\n    at next (C:\\Users\\Admin\\Desktop\\microservices\\microservices\\identity-service\\node_modules\\router\\lib\\route.js:157:13)\n    at Route.dispatch (C:\\Users\\Admin\\Desktop\\microservices\\microservices\\identity-service\\node_modules\\router\\lib\\route.js:117:3)\n    at handle (C:\\Users\\Admin\\Desktop\\microservices\\microservices\\identity-service\\node_modules\\router\\index.js:435:11)\n    at Layer.handleRequest (C:\\Users\\Admin\\Desktop\\microservices\\microservices\\identity-service\\node_modules\\router\\lib\\layer.js:152:17)\n    at C:\\Users\\Admin\\Desktop\\microservices\\microservices\\identity-service\\node_modules\\router\\index.js:295:15\n    at processParams (C:\\Users\\Admin\\Desktop\\microservices\\microservices\\identity-service\\node_modules\\router\\index.js:582:12)\n    at next (C:\\Users\\Admin\\Desktop\\microservices\\microservices\\identity-service\\node_modules\\router\\index.js:291:5)","timestamp":"2025-10-10T10:12:58.416Z"}
{"level":"info","message":"Received POST request to /api/auth/register","service":"identity-service","timestamp":"2025-10-10T10:13:02.472Z"}
{"level":"info","message":"Request body: {\"username\":\"raja\",\"email\":\"raja@example.com\",\"password\":\"raja123\"}","service":"identity-service","timestamp":"2025-10-10T10:13:02.473Z"}
{"level":"info","message":"Registration endpoint hit...","service":"identity-service","timestamp":"2025-10-10T10:13:02.486Z"}
{"level":"error","message":"Registration error occurred Joioi is not defined","service":"identity-service","stack":"ReferenceError: Joioi is not defined\n    at validateRegistration (C:\\Users\\Admin\\Desktop\\microservices\\microservices\\identity-service\\src\\utils\\validation.js:5:20)\n    at registerUser (C:\\Users\\Admin\\Desktop\\microservices\\microservices\\identity-service\\src\\controllers\\identity-controller.js:13:27)\n    at Layer.handleRequest (C:\\Users\\Admin\\Desktop\\microservices\\microservices\\identity-service\\node_modules\\router\\lib\\layer.js:152:17)\n    at next (C:\\Users\\Admin\\Desktop\\microservices\\microservices\\identity-service\\node_modules\\router\\lib\\route.js:157:13)\n    at Route.dispatch (C:\\Users\\Admin\\Desktop\\microservices\\microservices\\identity-service\\node_modules\\router\\lib\\route.js:117:3)\n    at handle (C:\\Users\\Admin\\Desktop\\microservices\\microservices\\identity-service\\node_modules\\router\\index.js:435:11)\n    at Layer.handleRequest (C:\\Users\\Admin\\Desktop\\microservices\\microservices\\identity-service\\node_modules\\router\\lib\\layer.js:152:17)\n    at C:\\Users\\Admin\\Desktop\\microservices\\microservices\\identity-service\\node_modules\\router\\index.js:295:15\n    at processParams (C:\\Users\\Admin\\Desktop\\microservices\\microservices\\identity-service\\node_modules\\router\\index.js:582:12)\n    at next (C:\\Users\\Admin\\Desktop\\microservices\\microservices\\identity-service\\node_modules\\router\\index.js:291:5)","timestamp":"2025-10-10T10:13:02.486Z"}
{"level":"info","message":"Identity service running on port 3001","service":"identity-service","timestamp":"2025-10-10T10:19:45.184Z"}
{"level":"info","message":"Identity service running on port 3001","service":"identity-service","timestamp":"2025-10-10T10:19:45.184Z"}
{"level":"info","message":"Redis client connecting...","service":"identity-service","timestamp":"2025-10-10T10:19:45.209Z"}
{"level":"info","message":"Redis client connecting...","service":"identity-service","timestamp":"2025-10-10T10:19:45.209Z"}
{"level":"info","message":"Redis client ready","service":"identity-service","timestamp":"2025-10-10T10:19:45.218Z"}
{"level":"info","message":"Redis client ready","service":"identity-service","timestamp":"2025-10-10T10:19:45.218Z"}
{"level":"info","message":"Sequelize authenticated with Postgres","service":"identity-service","timestamp":"2025-10-10T10:19:45.401Z"}
{"level":"info","message":"Sequelize authenticated with Postgres","service":"identity-service","timestamp":"2025-10-10T10:19:45.403Z"}
{"constraint":"refresh_tokens_userId_fkey","level":"error","message":"Sequelize connection or sync error Unknown constraint error","name":"SequelizeUnknownConstraintError","original":{"code":"42704","file":"tablecmds.c","length":153,"line":"12651","name":"error","routine":"ATExecDropConstraint","severity":"ERROR","sql":"ALTER TABLE \"refresh_tokens\" DROP CONSTRAINT \"refresh_tokens_userId_fkey\""},"parameters":{},"parent":{"code":"42704","file":"tablecmds.c","length":153,"line":"12651","name":"error","routine":"ATExecDropConstraint","severity":"ERROR","sql":"ALTER TABLE \"refresh_tokens\" DROP CONSTRAINT \"refresh_tokens_userId_fkey\""},"service":"identity-service","sql":"ALTER TABLE \"refresh_tokens\" DROP CONSTRAINT \"refresh_tokens_userId_fkey\"","stack":"Error\n    at Query.run (C:\\Users\\Admin\\Desktop\\microservices\\microservices\\identity-service\\node_modules\\sequelize\\lib\\dialects\\postgres\\query.js:50:25)\n    at C:\\Users\\Admin\\Desktop\\microservices\\microservices\\identity-service\\node_modules\\sequelize\\lib\\sequelize.js:315:28\n    at process.processTicksAndRejections (node:internal/process/task_queues:105:5)\n    at async RefreshToken.sync (C:\\Users\\Admin\\Desktop\\microservices\\microservices\\identity-service\\node_modules\\sequelize\\lib\\model.js:979:17)\n    at async Sequelize.sync (C:\\Users\\Admin\\Desktop\\microservices\\microservices\\identity-service\\node_modules\\sequelize\\lib\\sequelize.js:377:9)\n    at async C:\\Users\\Admin\\Desktop\\microservices\\microservices\\identity-service\\src\\server.js:30:7","table":"refresh_tokens","timestamp":"2025-10-10T10:19:45.617Z"}
{"level":"info","message":"Sequelize models synced (alter:true)","service":"identity-service","timestamp":"2025-10-10T10:19:45.631Z"}
{"level":"info","message":"Identity service running on port 3001","service":"identity-service","timestamp":"2025-10-10T10:19:58.015Z"}
{"level":"info","message":"Redis client connecting...","service":"identity-service","timestamp":"2025-10-10T10:19:58.026Z"}
{"level":"info","message":"Redis client ready","service":"identity-service","timestamp":"2025-10-10T10:19:58.033Z"}
{"level":"info","message":"Sequelize authenticated with Postgres","service":"identity-service","timestamp":"2025-10-10T10:19:58.143Z"}
{"level":"info","message":"Sequelize models synced (alter:true)","service":"identity-service","timestamp":"2025-10-10T10:19:58.361Z"}
{"level":"info","message":"Identity service running on port 3001","service":"identity-service","timestamp":"2025-10-10T10:20:01.506Z"}
{"level":"info","message":"Redis client connecting...","service":"identity-service","timestamp":"2025-10-10T10:20:01.518Z"}
{"level":"info","message":"Redis client ready","service":"identity-service","timestamp":"2025-10-10T10:20:01.524Z"}
{"level":"info","message":"Sequelize authenticated with Postgres","service":"identity-service","timestamp":"2025-10-10T10:20:01.745Z"}
{"level":"info","message":"Sequelize models synced (alter:true)","service":"identity-service","timestamp":"2025-10-10T10:20:01.874Z"}
{"level":"info","message":"Identity service running on port 3001","service":"identity-service","timestamp":"2025-10-10T10:20:07.434Z"}
{"level":"info","message":"Redis client connecting...","service":"identity-service","timestamp":"2025-10-10T10:20:07.448Z"}
{"level":"info","message":"Redis client ready","service":"identity-service","timestamp":"2025-10-10T10:20:07.453Z"}
{"level":"info","message":"Sequelize authenticated with Postgres","service":"identity-service","timestamp":"2025-10-10T10:20:07.570Z"}
{"level":"info","message":"Sequelize models synced (alter:true)","service":"identity-service","timestamp":"2025-10-10T10:20:07.712Z"}
{"level":"info","message":"Identity service running on port 3001","service":"identity-service","timestamp":"2025-10-10T10:21:31.779Z"}
{"level":"info","message":"Identity service running on port 3001","service":"identity-service","timestamp":"2025-10-10T10:21:31.779Z"}
{"level":"info","message":"Redis client connecting...","service":"identity-service","timestamp":"2025-10-10T10:21:31.797Z"}
{"level":"info","message":"Redis client connecting...","service":"identity-service","timestamp":"2025-10-10T10:21:31.793Z"}
{"level":"info","message":"Redis client ready","service":"identity-service","timestamp":"2025-10-10T10:21:31.800Z"}
{"level":"info","message":"Redis client ready","service":"identity-service","timestamp":"2025-10-10T10:21:31.802Z"}
{"level":"info","message":"Sequelize authenticated with Postgres","service":"identity-service","timestamp":"2025-10-10T10:21:31.915Z"}
{"level":"info","message":"Sequelize models synced (alter:true)","service":"identity-service","timestamp":"2025-10-10T10:21:32.051Z"}
{"level":"info","message":"Sequelize authenticated with Postgres","service":"identity-service","timestamp":"2025-10-10T10:21:32.140Z"}
{"level":"info","message":"Sequelize models synced (alter:true)","service":"identity-service","timestamp":"2025-10-10T10:21:32.290Z"}
{"level":"info","message":"Identity service running on port 3001","service":"identity-service","timestamp":"2025-10-10T10:21:35.071Z"}
{"level":"info","message":"Identity service running on port 3001","service":"identity-service","timestamp":"2025-10-10T10:21:35.070Z"}
{"level":"info","message":"Redis client connecting...","service":"identity-service","timestamp":"2025-10-10T10:21:35.083Z"}
{"level":"info","message":"Redis client connecting...","service":"identity-service","timestamp":"2025-10-10T10:21:35.088Z"}
{"level":"info","message":"Redis client ready","service":"identity-service","timestamp":"2025-10-10T10:21:35.090Z"}
{"level":"info","message":"Redis client ready","service":"identity-service","timestamp":"2025-10-10T10:21:35.097Z"}
{"level":"info","message":"Sequelize authenticated with Postgres","service":"identity-service","timestamp":"2025-10-10T10:21:35.194Z"}
{"level":"info","message":"Sequelize authenticated with Postgres","service":"identity-service","timestamp":"2025-10-10T10:21:35.295Z"}
{"level":"info","message":"Sequelize models synced (alter:true)","service":"identity-service","timestamp":"2025-10-10T10:21:35.332Z"}
{"level":"info","message":"Sequelize models synced (alter:true)","service":"identity-service","timestamp":"2025-10-10T10:21:35.431Z"}
{"level":"info","message":"Identity service running on port 3001","service":"identity-service","timestamp":"2025-10-10T10:43:48.947Z"}
{"level":"info","message":"Identity service running on port 3001","service":"identity-service","timestamp":"2025-10-10T10:43:48.950Z"}
{"level":"info","message":"Redis client connecting...","service":"identity-service","timestamp":"2025-10-10T10:43:48.976Z"}
{"level":"info","message":"Redis client connecting...","service":"identity-service","timestamp":"2025-10-10T10:43:48.976Z"}
{"level":"info","message":"Redis client ready","service":"identity-service","timestamp":"2025-10-10T10:43:48.987Z"}
{"level":"info","message":"Redis client ready","service":"identity-service","timestamp":"2025-10-10T10:43:48.987Z"}
{"level":"info","message":"Sequelize authenticated with Postgres","service":"identity-service","timestamp":"2025-10-10T10:43:49.153Z"}
{"level":"info","message":"Sequelize authenticated with Postgres","service":"identity-service","timestamp":"2025-10-10T10:43:49.153Z"}
{"level":"info","message":"Sequelize models synced (alter:true)","service":"identity-service","timestamp":"2025-10-10T10:43:49.382Z"}
{"level":"info","message":"Sequelize models synced (alter:true)","service":"identity-service","timestamp":"2025-10-10T10:43:49.398Z"}
{"level":"info","message":"Received POST request to /api/auth/register","service":"identity-service","timestamp":"2025-10-10T10:43:57.376Z"}
{"level":"info","message":"Request body: {\"username\":\"raja\",\"email\":\"raja@example.com\",\"password\":\"raja123\"}","service":"identity-service","timestamp":"2025-10-10T10:43:57.377Z"}
{"level":"info","message":"Registration endpoint hit...","service":"identity-service","timestamp":"2025-10-10T10:43:57.392Z"}
{"extra":null,"level":"error","message":"Joioi is not defined","name":"ReferenceError","service":"identity-service","stack":"ReferenceError: Joioi is not defined\n    at validateRegistration (C:\\Users\\Admin\\Desktop\\microservices\\microservices\\identity-service\\src\\utils\\validation.js:5:20)\n    at registerUser (C:\\Users\\Admin\\Desktop\\microservices\\microservices\\identity-service\\src\\controllers\\identity-controller.js:13:23)\n    at Layer.handleRequest (C:\\Users\\Admin\\Desktop\\microservices\\microservices\\identity-service\\node_modules\\router\\lib\\layer.js:152:17)\n    at next (C:\\Users\\Admin\\Desktop\\microservices\\microservices\\identity-service\\node_modules\\router\\lib\\route.js:157:13)\n    at Route.dispatch (C:\\Users\\Admin\\Desktop\\microservices\\microservices\\identity-service\\node_modules\\router\\lib\\route.js:117:3)\n    at handle (C:\\Users\\Admin\\Desktop\\microservices\\microservices\\identity-service\\node_modules\\router\\index.js:435:11)\n    at Layer.handleRequest (C:\\Users\\Admin\\Desktop\\microservices\\microservices\\identity-service\\node_modules\\router\\lib\\layer.js:152:17)\n    at C:\\Users\\Admin\\Desktop\\microservices\\microservices\\identity-service\\node_modules\\router\\index.js:295:15\n    at processParams (C:\\Users\\Admin\\Desktop\\microservices\\microservices\\identity-service\\node_modules\\router\\index.js:582:12)\n    at next (C:\\Users\\Admin\\Desktop\\microservices\\microservices\\identity-service\\node_modules\\router\\index.js:291:5)","timestamp":"2025-10-10T10:43:57.393Z"}
{"level":"info","message":"Identity service running on port 3001","service":"identity-service","timestamp":"2025-10-10T10:45:23.203Z"}
{"level":"info","message":"Identity service running on port 3001","service":"identity-service","timestamp":"2025-10-10T10:45:23.203Z"}
{"level":"info","message":"Redis client connecting...","service":"identity-service","timestamp":"2025-10-10T10:45:23.214Z"}
{"level":"info","message":"Redis client connecting...","service":"identity-service","timestamp":"2025-10-10T10:45:23.214Z"}
{"level":"info","message":"Redis client ready","service":"identity-service","timestamp":"2025-10-10T10:45:23.222Z"}
{"level":"info","message":"Redis client ready","service":"identity-service","timestamp":"2025-10-10T10:45:23.222Z"}
{"level":"info","message":"Sequelize authenticated with Postgres","service":"identity-service","timestamp":"2025-10-10T10:45:23.336Z"}
{"level":"info","message":"Sequelize authenticated with Postgres","service":"identity-service","timestamp":"2025-10-10T10:45:23.336Z"}
{"constraint":"refresh_tokens_userId_fkey","level":"error","message":"Sequelize connection or sync error Unknown constraint error","name":"SequelizeUnknownConstraintError","original":{"code":"42704","file":"tablecmds.c","length":153,"line":"12651","name":"error","routine":"ATExecDropConstraint","severity":"ERROR","sql":"ALTER TABLE \"refresh_tokens\" DROP CONSTRAINT \"refresh_tokens_userId_fkey\""},"parameters":{},"parent":{"code":"42704","file":"tablecmds.c","length":153,"line":"12651","name":"error","routine":"ATExecDropConstraint","severity":"ERROR","sql":"ALTER TABLE \"refresh_tokens\" DROP CONSTRAINT \"refresh_tokens_userId_fkey\""},"service":"identity-service","sql":"ALTER TABLE \"refresh_tokens\" DROP CONSTRAINT \"refresh_tokens_userId_fkey\"","stack":"Error\n    at Query.run (C:\\Users\\Admin\\Desktop\\microservices\\microservices\\identity-service\\node_modules\\sequelize\\lib\\dialects\\postgres\\query.js:50:25)\n    at C:\\Users\\Admin\\Desktop\\microservices\\microservices\\identity-service\\node_modules\\sequelize\\lib\\sequelize.js:315:28\n    at process.processTicksAndRejections (node:internal/process/task_queues:105:5)\n    at async RefreshToken.sync (C:\\Users\\Admin\\Desktop\\microservices\\microservices\\identity-service\\node_modules\\sequelize\\lib\\model.js:979:17)\n    at async Sequelize.sync (C:\\Users\\Admin\\Desktop\\microservices\\microservices\\identity-service\\node_modules\\sequelize\\lib\\sequelize.js:377:9)\n    at async C:\\Users\\Admin\\Desktop\\microservices\\microservices\\identity-service\\src\\server.js:30:7","table":"refresh_tokens","timestamp":"2025-10-10T10:45:23.492Z"}
{"level":"info","message":"Sequelize models synced (alter:true)","service":"identity-service","timestamp":"2025-10-10T10:45:23.509Z"}
{"level":"info","message":"Identity service running on port 3001","service":"identity-service","timestamp":"2025-10-10T10:45:46.858Z"}
{"level":"info","message":"Redis client connecting...","service":"identity-service","timestamp":"2025-10-10T10:45:46.873Z"}
{"level":"info","message":"Redis client ready","service":"identity-service","timestamp":"2025-10-10T10:45:46.882Z"}
{"level":"info","message":"Identity service running on port 3001","service":"identity-service","timestamp":"2025-10-10T10:45:46.890Z"}
{"level":"info","message":"Redis client connecting...","service":"identity-service","timestamp":"2025-10-10T10:45:46.909Z"}
{"level":"info","message":"Redis client ready","service":"identity-service","timestamp":"2025-10-10T10:45:46.914Z"}
{"level":"info","message":"Sequelize authenticated with Postgres","service":"identity-service","timestamp":"2025-10-10T10:45:46.995Z"}
{"level":"info","message":"Sequelize authenticated with Postgres","service":"identity-service","timestamp":"2025-10-10T10:45:47.016Z"}
{"constraint":"refresh_tokens_userId_fkey","level":"error","message":"Sequelize connection or sync error Unknown constraint error","name":"SequelizeUnknownConstraintError","original":{"code":"42704","file":"tablecmds.c","length":153,"line":"12651","name":"error","routine":"ATExecDropConstraint","severity":"ERROR","sql":"ALTER TABLE \"refresh_tokens\" DROP CONSTRAINT \"refresh_tokens_userId_fkey\""},"parameters":{},"parent":{"code":"42704","file":"tablecmds.c","length":153,"line":"12651","name":"error","routine":"ATExecDropConstraint","severity":"ERROR","sql":"ALTER TABLE \"refresh_tokens\" DROP CONSTRAINT \"refresh_tokens_userId_fkey\""},"service":"identity-service","sql":"ALTER TABLE \"refresh_tokens\" DROP CONSTRAINT \"refresh_tokens_userId_fkey\"","stack":"Error\n    at Query.run (C:\\Users\\Admin\\Desktop\\microservices\\microservices\\identity-service\\node_modules\\sequelize\\lib\\dialects\\postgres\\query.js:50:25)\n    at C:\\Users\\Admin\\Desktop\\microservices\\microservices\\identity-service\\node_modules\\sequelize\\lib\\sequelize.js:315:28\n    at process.processTicksAndRejections (node:internal/process/task_queues:105:5)\n    at async RefreshToken.sync (C:\\Users\\Admin\\Desktop\\microservices\\microservices\\identity-service\\node_modules\\sequelize\\lib\\model.js:979:17)\n    at async Sequelize.sync (C:\\Users\\Admin\\Desktop\\microservices\\microservices\\identity-service\\node_modules\\sequelize\\lib\\sequelize.js:377:9)\n    at async C:\\Users\\Admin\\Desktop\\microservices\\microservices\\identity-service\\src\\server.js:30:7","table":"refresh_tokens","timestamp":"2025-10-10T10:45:47.158Z"}
{"level":"info","message":"Sequelize models synced (alter:true)","service":"identity-service","timestamp":"2025-10-10T10:45:47.194Z"}
{"level":"info","message":"Received POST request to /api/auth/register","service":"identity-service","timestamp":"2025-10-10T10:46:08.812Z"}
{"level":"info","message":"Request body: {\"username\":\"raja\",\"email\":\"raja@example.com\",\"password\":\"raja123\"}","service":"identity-service","timestamp":"2025-10-10T10:46:08.813Z"}
{"level":"info","message":"Registration endpoint hit...","service":"identity-service","timestamp":"2025-10-10T10:46:08.819Z"}
{"extra":null,"level":"error","message":"Joioi is not defined","name":"ReferenceError","service":"identity-service","stack":"ReferenceError: Joioi is not defined\n    at validateRegistration (C:\\Users\\Admin\\Desktop\\microservices\\microservices\\identity-service\\src\\utils\\validation.js:5:20)\n    at registerUser (C:\\Users\\Admin\\Desktop\\microservices\\microservices\\identity-service\\src\\controllers\\identity-controller.js:13:23)\n    at Layer.handleRequest (C:\\Users\\Admin\\Desktop\\microservices\\microservices\\identity-service\\node_modules\\router\\lib\\layer.js:152:17)\n    at next (C:\\Users\\Admin\\Desktop\\microservices\\microservices\\identity-service\\node_modules\\router\\lib\\route.js:157:13)\n    at Route.dispatch (C:\\Users\\Admin\\Desktop\\microservices\\microservices\\identity-service\\node_modules\\router\\lib\\route.js:117:3)\n    at handle (C:\\Users\\Admin\\Desktop\\microservices\\microservices\\identity-service\\node_modules\\router\\index.js:435:11)\n    at Layer.handleRequest (C:\\Users\\Admin\\Desktop\\microservices\\microservices\\identity-service\\node_modules\\router\\lib\\layer.js:152:17)\n    at C:\\Users\\Admin\\Desktop\\microservices\\microservices\\identity-service\\node_modules\\router\\index.js:295:15\n    at processParams (C:\\Users\\Admin\\Desktop\\microservices\\microservices\\identity-service\\node_modules\\router\\index.js:582:12)\n    at next (C:\\Users\\Admin\\Desktop\\microservices\\microservices\\identity-service\\node_modules\\router\\index.js:291:5)","timestamp":"2025-10-10T10:46:08.820Z"}
{"level":"info","message":"Identity service running on port 3001","service":"identity-service","timestamp":"2025-10-10T10:46:26.294Z"}
{"level":"info","message":"Identity service running on port 3001","service":"identity-service","timestamp":"2025-10-10T10:46:26.293Z"}
{"level":"info","message":"Redis client connecting...","service":"identity-service","timestamp":"2025-10-10T10:46:26.305Z"}
{"level":"info","message":"Redis client ready","service":"identity-service","timestamp":"2025-10-10T10:46:26.312Z"}
{"level":"info","message":"Redis client connecting...","service":"identity-service","timestamp":"2025-10-10T10:46:26.305Z"}
{"level":"info","message":"Redis client ready","service":"identity-service","timestamp":"2025-10-10T10:46:26.312Z"}
{"level":"info","message":"Sequelize authenticated with Postgres","service":"identity-service","timestamp":"2025-10-10T10:46:26.416Z"}
{"level":"info","message":"Sequelize authenticated with Postgres","service":"identity-service","timestamp":"2025-10-10T10:46:26.526Z"}
{"level":"info","message":"Sequelize models synced (alter:true)","service":"identity-service","timestamp":"2025-10-10T10:46:26.571Z"}
{"level":"info","message":"Sequelize models synced (alter:true)","service":"identity-service","timestamp":"2025-10-10T10:46:26.688Z"}
{"level":"info","message":"Received POST request to /api/auth/register","service":"identity-service","timestamp":"2025-10-10T10:46:30.286Z"}
{"level":"info","message":"Request body: {\"username\":\"raja\",\"email\":\"raja@example.com\",\"password\":\"raja123\"}","service":"identity-service","timestamp":"2025-10-10T10:46:30.287Z"}
{"level":"info","message":"Registration endpoint hit...","service":"identity-service","timestamp":"2025-10-10T10:46:30.292Z"}
{"level":"info","message":"User created","service":"identity-service","timestamp":"2025-10-10T10:46:30.451Z","userId":1}
